


ARM Macro Assembler    Page 1 


    1 00000000         ;******************** (C) COPYRIGHT 2016 STMicroelectron
                       ics ********************
    2 00000000         ;* File Name          : startup_stm32f40xx.s
    3 00000000         ;* Author             : MCD Application Team
    4 00000000         ;* @version           : V1.8.0
    5 00000000         ;* @date              : 09-November-2016
    6 00000000         ;* Description        : STM32F40xxx/41xxx devices vector
                        table for MDK-ARM toolchain. 
    7 00000000         ;*                      Same as startup_stm32f40_41xxx.s
                        and maintained for legacy purpose 
    8 00000000         ;*                      This module performs:
    9 00000000         ;*                      - Set the initial SP
   10 00000000         ;*                      - Set the initial PC == Reset_Ha
                       ndler
   11 00000000         ;*                      - Set the vector table entries w
                       ith the exceptions ISR address
   12 00000000         ;*                      - Configure the system clock and
                        the external SRAM mounted on 
   13 00000000         ;*                        STM324xG-EVAL board to be used
                        as data memory (optional, 
   14 00000000         ;*                        to be enabled by user)
   15 00000000         ;*                      - Branches to __main in the C li
                       brary (which eventually
   16 00000000         ;*                        calls main()).
   17 00000000         ;*                      After Reset the CortexM4 process
                       or is in Thread mode,
   18 00000000         ;*                      priority is Privileged, and the 
                       Stack is set to Main.
   19 00000000         ;* <<< Use Configuration Wizard in Context Menu >>>   
   20 00000000         ;*******************************************************
                       ************************
   21 00000000         ; 
   22 00000000         ; Licensed under MCD-ST Liberty SW License Agreement V2,
                        (the "License");
   23 00000000         ; You may not use this file except in compliance with th
                       e License.
   24 00000000         ; You may obtain a copy of the License at:
   25 00000000         ; 
   26 00000000         ;        http://www.st.com/software_license_agreement_li
                       berty_v2
   27 00000000         ; 
   28 00000000         ; Unless required by applicable law or agreed to in writ
                       ing, software 
   29 00000000         ; distributed under the License is distributed on an "AS
                        IS" BASIS, 
   30 00000000         ; WITHOUT WARRANTIES OR CONDITIONS OF ANY KIND, either e
                       xpress or implied.
   31 00000000         ; See the License for the specific language governing pe
                       rmissions and
   32 00000000         ; limitations under the License.
   33 00000000         ; 
   34 00000000         ;*******************************************************
                       ************************
   35 00000000         
   36 00000000         ; Amount of memory (in bytes) allocated for Stack
   37 00000000         ; Tailor this value to your application needs
   38 00000000         ; <h> Stack Configuration
   39 00000000         ;   <o> Stack Size (in Bytes) <0x0-0xFFFFFFFF:8>
   40 00000000         ; </h>



ARM Macro Assembler    Page 2 


   41 00000000         
   42 00000000 00000400 
                       Stack_Size
                               EQU              0x00000400
   43 00000000         
   44 00000000                 AREA             STACK, NOINIT, READWRITE, ALIGN
=3
   45 00000000         Stack_Mem
                               SPACE            Stack_Size
   46 00000400         __initial_sp
   47 00000400         
   48 00000400         
   49 00000400         ; <h> Heap Configuration
   50 00000400         ;   <o>  Heap Size (in Bytes) <0x0-0xFFFFFFFF:8>
   51 00000400         ; </h>
   52 00000400         
   53 00000400 00000200 
                       Heap_Size
                               EQU              0x00000200
   54 00000400         
   55 00000400                 AREA             HEAP, NOINIT, READWRITE, ALIGN=
3
   56 00000000         __heap_base
   57 00000000         Heap_Mem
                               SPACE            Heap_Size
   58 00000200         __heap_limit
   59 00000200         
   60 00000200                 PRESERVE8
   61 00000200                 THUMB
   62 00000200         
   63 00000200         
   64 00000200         ; Vector Table Mapped to Address 0 at Reset
   65 00000200                 AREA             RESET, DATA, READONLY
   66 00000000                 EXPORT           __Vectors
   67 00000000                 EXPORT           __Vectors_End
   68 00000000                 EXPORT           __Vectors_Size
   69 00000000         
   70 00000000 00000000 
                       __Vectors
                               DCD              __initial_sp ; Top of Stack
   71 00000004 00000000        DCD              Reset_Handler ; Reset Handler
   72 00000008 00000000        DCD              NMI_Handler ; NMI Handler
   73 0000000C 00000000        DCD              HardFault_Handler ; Hard Fault 
                                                            Handler
   74 00000010 00000000        DCD              MemManage_Handler 
                                                            ; MPU Fault Handler
                                                            
   75 00000014 00000000        DCD              BusFault_Handler 
                                                            ; Bus Fault Handler
                                                            
   76 00000018 00000000        DCD              UsageFault_Handler ; Usage Faul
                                                            t Handler
   77 0000001C 00000000        DCD              0           ; Reserved
   78 00000020 00000000        DCD              0           ; Reserved
   79 00000024 00000000        DCD              0           ; Reserved
   80 00000028 00000000        DCD              0           ; Reserved
   81 0000002C 00000000        DCD              SVC_Handler ; SVCall Handler
   82 00000030 00000000        DCD              DebugMon_Handler ; Debug Monito
                                                            r Handler



ARM Macro Assembler    Page 3 


   83 00000034 00000000        DCD              0           ; Reserved
   84 00000038 00000000        DCD              PendSV_Handler ; PendSV Handler
                                                            
   85 0000003C 00000000        DCD              SysTick_Handler ; SysTick Handl
                                                            er 名字不要写错了。
                                                            
   86 00000040         
   87 00000040         ; External Interrupts
   88 00000040 00000000        DCD              WWDG_IRQHandler ; Window WatchD
                                                            og                 
                                                                               
                                                                
   89 00000044 00000000        DCD              PVD_IRQHandler ; PVD through EX
                                                            TI Line detection  
                                                                               
                                                               
   90 00000048 00000000        DCD              TAMP_STAMP_IRQHandler ; Tamper 
                                                            and TimeStamps thro
                                                            ugh the EXTI line  
                                                                      
   91 0000004C 00000000        DCD              RTC_WKUP_IRQHandler ; RTC Wakeu
                                                            p through the EXTI 
                                                            line               
                                                                    
   92 00000050 00000000        DCD              FLASH_IRQHandler ; FLASH       
                                                                               
                                                                             
   93 00000054 00000000        DCD              RCC_IRQHandler ; RCC           
                                                                               
                                                                           
   94 00000058 00000000        DCD              EXTI0_IRQHandler ; EXTI Line0  
                                                             中断处理函数的名字
                                                            ，可以改           
                                                                               
                                                                         
   95 0000005C 00000000        DCD              EXTI1_IRQHandler ; EXTI Line1  
                                                                               
                                                                               
                                                                 
   96 00000060 00000000        DCD              EXTI2_IRQHandler ; EXTI Line2  
                                                                               
                                                                               
                                                                 
   97 00000064 00000000        DCD              EXTI3_IRQHandler ; EXTI Line3  
                                                                               
                                                                               
                                                                 
   98 00000068 00000000        DCD              EXTI4_IRQHandler ; EXTI Line4  
                                                                               
                                                                               
                                                                 
   99 0000006C 00000000        DCD              DMA1_Stream0_IRQHandler ; DMA1 
                                                            Stream 0           
                                                                               
                                                                 
  100 00000070 00000000        DCD              DMA1_Stream1_IRQHandler ; DMA1 
                                                            Stream 1           
                                                                               
                                                                 



ARM Macro Assembler    Page 4 


  101 00000074 00000000        DCD              DMA1_Stream2_IRQHandler ; DMA1 
                                                            Stream 2           
                                                                               
                                                                 
  102 00000078 00000000        DCD              DMA1_Stream3_IRQHandler ; DMA1 
                                                            Stream 3           
                                                                               
                                                                 
  103 0000007C 00000000        DCD              DMA1_Stream4_IRQHandler ; DMA1 
                                                            Stream 4           
                                                                               
                                                                 
  104 00000080 00000000        DCD              DMA1_Stream5_IRQHandler ; DMA1 
                                                            Stream 5           
                                                                               
                                                                 
  105 00000084 00000000        DCD              DMA1_Stream6_IRQHandler ; DMA1 
                                                            Stream 6           
                                                                               
                                                                 
  106 00000088 00000000        DCD              ADC_IRQHandler ; ADC1, ADC2 and
                                                             ADC3s             
                                                                           
  107 0000008C 00000000        DCD              CAN1_TX_IRQHandler ; CAN1 TX   
                                                                               
                                                                               
                                                                   
  108 00000090 00000000        DCD              CAN1_RX0_IRQHandler ; CAN1 RX0 
                                                                               
                                                                               
                                                                    
  109 00000094 00000000        DCD              CAN1_RX1_IRQHandler ; CAN1 RX1 
                                                                               
                                                                               
                                                                    
  110 00000098 00000000        DCD              CAN1_SCE_IRQHandler ; CAN1 SCE 
                                                                               
                                                                               
                                                                    
  111 0000009C 00000000        DCD              EXTI9_5_IRQHandler ; External L
                                                            ine[9:5]s          
                                                                               
                                                                   
  112 000000A0 00000000        DCD              TIM1_BRK_TIM9_IRQHandler ; TIM1
                                                             Break and TIM9    
                                                                           
  113 000000A4 00000000        DCD              TIM1_UP_TIM10_IRQHandler ; TIM1
                                                             Update and TIM10  
                                                                           
  114 000000A8 00000000        DCD              TIM1_TRG_COM_TIM11_IRQHandler ;
                                                             TIM1 Trigger and C
                                                            ommutation and TIM1
                                                            1
  115 000000AC 00000000        DCD              TIM1_CC_IRQHandler ; TIM1 Captu
                                                            re Compare         
                                                                               
                                                                   
  116 000000B0 00000000        DCD              TIM2_IRQHandler ; TIM2         
                                                                               



ARM Macro Assembler    Page 5 


                                                                            
  117 000000B4 00000000        DCD              TIM3_IRQHandler ; TIM3         
                                                                               
                                                                            
  118 000000B8 00000000        DCD              TIM4_IRQHandler ; TIM4         
                                                                               
                                                                            
  119 000000BC 00000000        DCD              I2C1_EV_IRQHandler ; I2C1 Event
                                                                               
                                                                               
                                                                   
  120 000000C0 00000000        DCD              I2C1_ER_IRQHandler ; I2C1 Error
                                                                               
                                                                               
                                                                   
  121 000000C4 00000000        DCD              I2C2_EV_IRQHandler ; I2C2 Event
                                                                               
                                                                               
                                                                   
  122 000000C8 00000000        DCD              I2C2_ER_IRQHandler ; I2C2 Error
                                                                               
                                                                               
                                                                     
  123 000000CC 00000000        DCD              SPI1_IRQHandler ; SPI1         
                                                                               
                                                                            
  124 000000D0 00000000        DCD              SPI2_IRQHandler ; SPI2         
                                                                               
                                                                            
  125 000000D4 00000000        DCD              USART1_IRQHandler ; USART1     
                                                                               
                                                                              
  126 000000D8 00000000        DCD              USART2_IRQHandler ; USART2     
                                                                               
                                                                              
  127 000000DC 00000000        DCD              USART3_IRQHandler ; USART3     
                                                                               
                                                                              
  128 000000E0 00000000        DCD              EXTI15_10_IRQHandler ; External
                                                             Line[15:10]s      
                                                                               
                                                                     
  129 000000E4 00000000        DCD              RTC_Alarm_IRQHandler ; RTC Alar
                                                            m (A and B) through
                                                             EXTI Line         
                                                                     
  130 000000E8 00000000        DCD              OTG_FS_WKUP_IRQHandler ; USB OT
                                                            G FS Wakeup through
                                                             EXTI line         
                                                                           
  131 000000EC 00000000        DCD              TIM8_BRK_TIM12_IRQHandler ; TIM
                                                            8 Break and TIM12  
                                                                            
  132 000000F0 00000000        DCD              TIM8_UP_TIM13_IRQHandler ; TIM8
                                                             Update and TIM13  
                                                                           
  133 000000F4 00000000        DCD              TIM8_TRG_COM_TIM14_IRQHandler ;
                                                             TIM8 Trigger and C
                                                            ommutation and TIM1



ARM Macro Assembler    Page 6 


                                                            4
  134 000000F8 00000000        DCD              TIM8_CC_IRQHandler ; TIM8 Captu
                                                            re Compare         
                                                                               
                                                                   
  135 000000FC 00000000        DCD              DMA1_Stream7_IRQHandler ; DMA1 
                                                            Stream7            
                                                                               
                                                                        
  136 00000100 00000000        DCD              FSMC_IRQHandler ; FSMC         
                                                                               
                                                                            
  137 00000104 00000000        DCD              SDIO_IRQHandler ; SDIO         
                                                                               
                                                                            
  138 00000108 00000000        DCD              TIM5_IRQHandler ; TIM5         
                                                                               
                                                                            
  139 0000010C 00000000        DCD              SPI3_IRQHandler ; SPI3         
                                                                               
                                                                            
  140 00000110 00000000        DCD              UART4_IRQHandler ; UART4       
                                                                               
                                                                             
  141 00000114 00000000        DCD              UART5_IRQHandler ; UART5       
                                                                               
                                                                             
  142 00000118 00000000        DCD              TIM6_DAC_IRQHandler ; TIM6 and 
                                                            DAC1&2 underrun err
                                                            ors                
                                                               
  143 0000011C 00000000        DCD              TIM7_IRQHandler ; TIM7         
                                                                      
  144 00000120 00000000        DCD              DMA2_Stream0_IRQHandler ; DMA2 
                                                            Stream 0           
                                                                               
                                                                 
  145 00000124 00000000        DCD              DMA2_Stream1_IRQHandler ; DMA2 
                                                            Stream 1           
                                                                               
                                                                 
  146 00000128 00000000        DCD              DMA2_Stream2_IRQHandler ; DMA2 
                                                            Stream 2           
                                                                               
                                                                 
  147 0000012C 00000000        DCD              DMA2_Stream3_IRQHandler ; DMA2 
                                                            Stream 3           
                                                                               
                                                                 
  148 00000130 00000000        DCD              DMA2_Stream4_IRQHandler ; DMA2 
                                                            Stream 4           
                                                                               
                                                                 
  149 00000134 00000000        DCD              ETH_IRQHandler ; Ethernet      
                                                                               
                                                                           
  150 00000138 00000000        DCD              ETH_WKUP_IRQHandler ; Ethernet 
                                                            Wakeup through EXTI
                                                             line              



ARM Macro Assembler    Page 7 


                                                                    
  151 0000013C 00000000        DCD              CAN2_TX_IRQHandler ; CAN2 TX   
                                                                               
                                                                               
                                                                   
  152 00000140 00000000        DCD              CAN2_RX0_IRQHandler ; CAN2 RX0 
                                                                               
                                                                               
                                                                    
  153 00000144 00000000        DCD              CAN2_RX1_IRQHandler ; CAN2 RX1 
                                                                               
                                                                               
                                                                    
  154 00000148 00000000        DCD              CAN2_SCE_IRQHandler ; CAN2 SCE 
                                                                               
                                                                               
                                                                    
  155 0000014C 00000000        DCD              OTG_FS_IRQHandler ; USB OTG FS 
                                                                               
                                                                              
  156 00000150 00000000        DCD              DMA2_Stream5_IRQHandler ; DMA2 
                                                            Stream 5           
                                                                               
                                                                 
  157 00000154 00000000        DCD              DMA2_Stream6_IRQHandler ; DMA2 
                                                            Stream 6           
                                                                               
                                                                 
  158 00000158 00000000        DCD              DMA2_Stream7_IRQHandler ; DMA2 
                                                            Stream 7           
                                                                               
                                                                 
  159 0000015C 00000000        DCD              USART6_IRQHandler ; USART6     
                                                                               
                                                                               
                                                            
  160 00000160 00000000        DCD              I2C3_EV_IRQHandler ; I2C3 event
                                                                               
                                                                               
                                                                   
  161 00000164 00000000        DCD              I2C3_ER_IRQHandler ; I2C3 error
                                                                               
                                                                               
                                                                   
  162 00000168 00000000        DCD              OTG_HS_EP1_OUT_IRQHandler ; USB
                                                             OTG HS End Point 1
                                                             Out               
                                                                   
  163 0000016C 00000000        DCD              OTG_HS_EP1_IN_IRQHandler ; USB 
                                                            OTG HS End Point 1 
                                                            In                 
                                                                  
  164 00000170 00000000        DCD              OTG_HS_WKUP_IRQHandler ; USB OT
                                                            G HS Wakeup through
                                                             EXTI              
                                                                       
  165 00000174 00000000        DCD              OTG_HS_IRQHandler ; USB OTG HS 
                                                                               
                                                                              



ARM Macro Assembler    Page 8 


  166 00000178 00000000        DCD              DCMI_IRQHandler ; DCMI         
                                                                               
                                                                            
  167 0000017C 00000000        DCD              CRYP_IRQHandler ; CRYP crypto  
                                                                               
                                                                            
  168 00000180 00000000        DCD              HASH_RNG_IRQHandler 
                                                            ; Hash and Rng
  169 00000184 00000000        DCD              FPU_IRQHandler ; FPU
  170 00000188         
  171 00000188         __Vectors_End
  172 00000188         
  173 00000188 00000188 
                       __Vectors_Size
                               EQU              __Vectors_End - __Vectors
  174 00000188         
  175 00000188                 AREA             |.text|, CODE, READONLY
  176 00000000         
  177 00000000         ; Reset handler
  178 00000000         Reset_Handler
                               PROC
  179 00000000                 EXPORT           Reset_Handler             [WEAK
]
  180 00000000                 IMPORT           SystemInit
  181 00000000                 IMPORT           __main
  182 00000000                 IMPORT           Gec_Lib_Init
  183 00000000         
  184 00000000 480A            LDR              R0, =SystemInit
  185 00000002 4780            BLX              R0
  186 00000004         
  187 00000004         ;added by zhoulong
  188 00000004 480A            LDR              R0, =Gec_Lib_Init
  189 00000006 4780            BLX              R0
  190 00000008         
  191 00000008         
  192 00000008 480A            LDR              R0, =__main
  193 0000000A 4700            BX               R0
  194 0000000C                 ENDP
  195 0000000C         
  196 0000000C         ; Dummy Exception Handlers (infinite loops which can be 
                       modified)
  197 0000000C         
  198 0000000C         NMI_Handler
                               PROC
  199 0000000C                 EXPORT           NMI_Handler                [WEA
K]
  200 0000000C E7FE            B                .
  201 0000000E                 ENDP
  203 0000000E         HardFault_Handler
                               PROC
  204 0000000E                 EXPORT           HardFault_Handler          [WEA
K]
  205 0000000E E7FE            B                .
  206 00000010                 ENDP
  208 00000010         MemManage_Handler
                               PROC
  209 00000010                 EXPORT           MemManage_Handler          [WEA
K]
  210 00000010 E7FE            B                .



ARM Macro Assembler    Page 9 


  211 00000012                 ENDP
  213 00000012         BusFault_Handler
                               PROC
  214 00000012                 EXPORT           BusFault_Handler           [WEA
K]
  215 00000012 E7FE            B                .
  216 00000014                 ENDP
  218 00000014         UsageFault_Handler
                               PROC
  219 00000014                 EXPORT           UsageFault_Handler         [WEA
K]
  220 00000014 E7FE            B                .
  221 00000016                 ENDP
  222 00000016         SVC_Handler
                               PROC
  223 00000016                 EXPORT           SVC_Handler                [WEA
K]
  224 00000016 E7FE            B                .
  225 00000018                 ENDP
  227 00000018         DebugMon_Handler
                               PROC
  228 00000018                 EXPORT           DebugMon_Handler           [WEA
K]
  229 00000018 E7FE            B                .
  230 0000001A                 ENDP
  231 0000001A         PendSV_Handler
                               PROC
  232 0000001A                 EXPORT           PendSV_Handler             [WEA
K]
  233 0000001A E7FE            B                .
  234 0000001C                 ENDP
  235 0000001C         SysTick_Handler
                               PROC
  236 0000001C                 EXPORT           SysTick_Handler            [WEA
K]
  237 0000001C E7FE            B                .
  238 0000001E                 ENDP
  239 0000001E         
  240 0000001E         Default_Handler
                               PROC
  241 0000001E         
  242 0000001E                 EXPORT           WWDG_IRQHandler                
   [WEAK]
  243 0000001E                 EXPORT           PVD_IRQHandler                 
   [WEAK]
  244 0000001E                 EXPORT           TAMP_STAMP_IRQHandler          
   [WEAK]
  245 0000001E                 EXPORT           RTC_WKUP_IRQHandler            
   [WEAK]
  246 0000001E                 EXPORT           FLASH_IRQHandler               
   [WEAK]
  247 0000001E                 EXPORT           RCC_IRQHandler                 
   [WEAK]
  248 0000001E                 EXPORT           EXTI0_IRQHandler               
   [WEAK]
  249 0000001E                 EXPORT           EXTI1_IRQHandler               
   [WEAK]
  250 0000001E                 EXPORT           EXTI2_IRQHandler               
   [WEAK]



ARM Macro Assembler    Page 10 


  251 0000001E                 EXPORT           EXTI3_IRQHandler               
   [WEAK]
  252 0000001E                 EXPORT           EXTI4_IRQHandler               
   [WEAK]
  253 0000001E                 EXPORT           DMA1_Stream0_IRQHandler        
   [WEAK]
  254 0000001E                 EXPORT           DMA1_Stream1_IRQHandler        
   [WEAK]
  255 0000001E                 EXPORT           DMA1_Stream2_IRQHandler        
   [WEAK]
  256 0000001E                 EXPORT           DMA1_Stream3_IRQHandler        
   [WEAK]
  257 0000001E                 EXPORT           DMA1_Stream4_IRQHandler        
   [WEAK]
  258 0000001E                 EXPORT           DMA1_Stream5_IRQHandler        
   [WEAK]
  259 0000001E                 EXPORT           DMA1_Stream6_IRQHandler        
   [WEAK]
  260 0000001E                 EXPORT           ADC_IRQHandler                 
   [WEAK]
  261 0000001E                 EXPORT           CAN1_TX_IRQHandler             
   [WEAK]
  262 0000001E                 EXPORT           CAN1_RX0_IRQHandler            
   [WEAK]
  263 0000001E                 EXPORT           CAN1_RX1_IRQHandler            
   [WEAK]
  264 0000001E                 EXPORT           CAN1_SCE_IRQHandler            
   [WEAK]
  265 0000001E                 EXPORT           EXTI9_5_IRQHandler             
   [WEAK]
  266 0000001E                 EXPORT           TIM1_BRK_TIM9_IRQHandler       
   [WEAK]
  267 0000001E                 EXPORT           TIM1_UP_TIM10_IRQHandler       
   [WEAK]
  268 0000001E                 EXPORT           TIM1_TRG_COM_TIM11_IRQHandler  
   [WEAK]
  269 0000001E                 EXPORT           TIM1_CC_IRQHandler             
   [WEAK]
  270 0000001E                 EXPORT           TIM2_IRQHandler                
   [WEAK]
  271 0000001E                 EXPORT           TIM3_IRQHandler                
   [WEAK]
  272 0000001E                 EXPORT           TIM4_IRQHandler                
   [WEAK]
  273 0000001E                 EXPORT           I2C1_EV_IRQHandler             
   [WEAK]
  274 0000001E                 EXPORT           I2C1_ER_IRQHandler             
   [WEAK]
  275 0000001E                 EXPORT           I2C2_EV_IRQHandler             
   [WEAK]
  276 0000001E                 EXPORT           I2C2_ER_IRQHandler             
   [WEAK]
  277 0000001E                 EXPORT           SPI1_IRQHandler                
   [WEAK]
  278 0000001E                 EXPORT           SPI2_IRQHandler                
   [WEAK]
  279 0000001E                 EXPORT           USART1_IRQHandler              
   [WEAK]
  280 0000001E                 EXPORT           USART2_IRQHandler              



ARM Macro Assembler    Page 11 


   [WEAK]
  281 0000001E                 EXPORT           USART3_IRQHandler              
   [WEAK]
  282 0000001E                 EXPORT           EXTI15_10_IRQHandler           
   [WEAK]
  283 0000001E                 EXPORT           RTC_Alarm_IRQHandler           
   [WEAK]
  284 0000001E                 EXPORT           OTG_FS_WKUP_IRQHandler         
   [WEAK]
  285 0000001E                 EXPORT           TIM8_BRK_TIM12_IRQHandler      
   [WEAK]
  286 0000001E                 EXPORT           TIM8_UP_TIM13_IRQHandler       
   [WEAK]
  287 0000001E                 EXPORT           TIM8_TRG_COM_TIM14_IRQHandler  
   [WEAK]
  288 0000001E                 EXPORT           TIM8_CC_IRQHandler             
   [WEAK]
  289 0000001E                 EXPORT           DMA1_Stream7_IRQHandler        
   [WEAK]
  290 0000001E                 EXPORT           FSMC_IRQHandler                
   [WEAK]
  291 0000001E                 EXPORT           SDIO_IRQHandler                
   [WEAK]
  292 0000001E                 EXPORT           TIM5_IRQHandler                
   [WEAK]
  293 0000001E                 EXPORT           SPI3_IRQHandler                
   [WEAK]
  294 0000001E                 EXPORT           UART4_IRQHandler               
   [WEAK]
  295 0000001E                 EXPORT           UART5_IRQHandler               
   [WEAK]
  296 0000001E                 EXPORT           TIM6_DAC_IRQHandler            
   [WEAK]
  297 0000001E                 EXPORT           TIM7_IRQHandler                
   [WEAK]
  298 0000001E                 EXPORT           DMA2_Stream0_IRQHandler        
   [WEAK]
  299 0000001E                 EXPORT           DMA2_Stream1_IRQHandler        
   [WEAK]
  300 0000001E                 EXPORT           DMA2_Stream2_IRQHandler        
   [WEAK]
  301 0000001E                 EXPORT           DMA2_Stream3_IRQHandler        
   [WEAK]
  302 0000001E                 EXPORT           DMA2_Stream4_IRQHandler        
   [WEAK]
  303 0000001E                 EXPORT           ETH_IRQHandler                 
   [WEAK]
  304 0000001E                 EXPORT           ETH_WKUP_IRQHandler            
   [WEAK]
  305 0000001E                 EXPORT           CAN2_TX_IRQHandler             
   [WEAK]
  306 0000001E                 EXPORT           CAN2_RX0_IRQHandler            
   [WEAK]
  307 0000001E                 EXPORT           CAN2_RX1_IRQHandler            
   [WEAK]
  308 0000001E                 EXPORT           CAN2_SCE_IRQHandler            
   [WEAK]
  309 0000001E                 EXPORT           OTG_FS_IRQHandler              
   [WEAK]



ARM Macro Assembler    Page 12 


  310 0000001E                 EXPORT           DMA2_Stream5_IRQHandler        
   [WEAK]
  311 0000001E                 EXPORT           DMA2_Stream6_IRQHandler        
   [WEAK]
  312 0000001E                 EXPORT           DMA2_Stream7_IRQHandler        
   [WEAK]
  313 0000001E                 EXPORT           USART6_IRQHandler              
   [WEAK]
  314 0000001E                 EXPORT           I2C3_EV_IRQHandler             
   [WEAK]
  315 0000001E                 EXPORT           I2C3_ER_IRQHandler             
   [WEAK]
  316 0000001E                 EXPORT           OTG_HS_EP1_OUT_IRQHandler      
   [WEAK]
  317 0000001E                 EXPORT           OTG_HS_EP1_IN_IRQHandler       
   [WEAK]
  318 0000001E                 EXPORT           OTG_HS_WKUP_IRQHandler         
   [WEAK]
  319 0000001E                 EXPORT           OTG_HS_IRQHandler              
   [WEAK]
  320 0000001E                 EXPORT           DCMI_IRQHandler                
   [WEAK]
  321 0000001E                 EXPORT           CRYP_IRQHandler                
   [WEAK]
  322 0000001E                 EXPORT           HASH_RNG_IRQHandler            
   [WEAK]
  323 0000001E                 EXPORT           FPU_IRQHandler                 
   [WEAK]
  324 0000001E         
  325 0000001E         WWDG_IRQHandler
  326 0000001E         PVD_IRQHandler
  327 0000001E         TAMP_STAMP_IRQHandler
  328 0000001E         RTC_WKUP_IRQHandler
  329 0000001E         FLASH_IRQHandler
  330 0000001E         RCC_IRQHandler
  331 0000001E         EXTI0_IRQHandler
  332 0000001E         EXTI1_IRQHandler
  333 0000001E         EXTI2_IRQHandler
  334 0000001E         EXTI3_IRQHandler
  335 0000001E         EXTI4_IRQHandler
  336 0000001E         DMA1_Stream0_IRQHandler
  337 0000001E         DMA1_Stream1_IRQHandler
  338 0000001E         DMA1_Stream2_IRQHandler
  339 0000001E         DMA1_Stream3_IRQHandler
  340 0000001E         DMA1_Stream4_IRQHandler
  341 0000001E         DMA1_Stream5_IRQHandler
  342 0000001E         DMA1_Stream6_IRQHandler
  343 0000001E         ADC_IRQHandler
  344 0000001E         CAN1_TX_IRQHandler
  345 0000001E         CAN1_RX0_IRQHandler
  346 0000001E         CAN1_RX1_IRQHandler
  347 0000001E         CAN1_SCE_IRQHandler
  348 0000001E         EXTI9_5_IRQHandler
  349 0000001E         TIM1_BRK_TIM9_IRQHandler
  350 0000001E         TIM1_UP_TIM10_IRQHandler
  351 0000001E         TIM1_TRG_COM_TIM11_IRQHandler
  352 0000001E         TIM1_CC_IRQHandler
  353 0000001E         TIM2_IRQHandler
  354 0000001E         TIM3_IRQHandler



ARM Macro Assembler    Page 13 


  355 0000001E         TIM4_IRQHandler
  356 0000001E         I2C1_EV_IRQHandler
  357 0000001E         I2C1_ER_IRQHandler
  358 0000001E         I2C2_EV_IRQHandler
  359 0000001E         I2C2_ER_IRQHandler
  360 0000001E         SPI1_IRQHandler
  361 0000001E         SPI2_IRQHandler
  362 0000001E         USART1_IRQHandler
  363 0000001E         USART2_IRQHandler
  364 0000001E         USART3_IRQHandler
  365 0000001E         EXTI15_10_IRQHandler
  366 0000001E         RTC_Alarm_IRQHandler
  367 0000001E         OTG_FS_WKUP_IRQHandler
  368 0000001E         TIM8_BRK_TIM12_IRQHandler
  369 0000001E         TIM8_UP_TIM13_IRQHandler
  370 0000001E         TIM8_TRG_COM_TIM14_IRQHandler
  371 0000001E         TIM8_CC_IRQHandler
  372 0000001E         DMA1_Stream7_IRQHandler
  373 0000001E         FSMC_IRQHandler
  374 0000001E         SDIO_IRQHandler
  375 0000001E         TIM5_IRQHandler
  376 0000001E         SPI3_IRQHandler
  377 0000001E         UART4_IRQHandler
  378 0000001E         UART5_IRQHandler
  379 0000001E         TIM6_DAC_IRQHandler
  380 0000001E         TIM7_IRQHandler
  381 0000001E         DMA2_Stream0_IRQHandler
  382 0000001E         DMA2_Stream1_IRQHandler
  383 0000001E         DMA2_Stream2_IRQHandler
  384 0000001E         DMA2_Stream3_IRQHandler
  385 0000001E         DMA2_Stream4_IRQHandler
  386 0000001E         ETH_IRQHandler
  387 0000001E         ETH_WKUP_IRQHandler
  388 0000001E         CAN2_TX_IRQHandler
  389 0000001E         CAN2_RX0_IRQHandler
  390 0000001E         CAN2_RX1_IRQHandler
  391 0000001E         CAN2_SCE_IRQHandler
  392 0000001E         OTG_FS_IRQHandler
  393 0000001E         DMA2_Stream5_IRQHandler
  394 0000001E         DMA2_Stream6_IRQHandler
  395 0000001E         DMA2_Stream7_IRQHandler
  396 0000001E         USART6_IRQHandler
  397 0000001E         I2C3_EV_IRQHandler
  398 0000001E         I2C3_ER_IRQHandler
  399 0000001E         OTG_HS_EP1_OUT_IRQHandler
  400 0000001E         OTG_HS_EP1_IN_IRQHandler
  401 0000001E         OTG_HS_WKUP_IRQHandler
  402 0000001E         OTG_HS_IRQHandler
  403 0000001E         DCMI_IRQHandler
  404 0000001E         CRYP_IRQHandler
  405 0000001E         HASH_RNG_IRQHandler
  406 0000001E         FPU_IRQHandler
  407 0000001E         
  408 0000001E E7FE            B                .
  409 00000020         
  410 00000020                 ENDP
  411 00000020         
  412 00000020                 ALIGN
  413 00000020         



ARM Macro Assembler    Page 14 


  414 00000020         ;*******************************************************
                       ************************
  415 00000020         ; User Stack and Heap initialization
  416 00000020         ;*******************************************************
                       ************************
  417 00000020                 IF               :DEF:__MICROLIB
  424 00000020         
  425 00000020                 IMPORT           __use_two_region_memory
  426 00000020                 EXPORT           __user_initial_stackheap
  427 00000020         
  428 00000020         __user_initial_stackheap
  429 00000020         
  430 00000020 4805            LDR              R0, =  Heap_Mem
  431 00000022 4906            LDR              R1, =(Stack_Mem + Stack_Size)
  432 00000024 4A06            LDR              R2, = (Heap_Mem +  Heap_Size)
  433 00000026 4B07            LDR              R3, = Stack_Mem
  434 00000028 4770            BX               LR
  435 0000002A         
  436 0000002A 00 00           ALIGN
  437 0000002C         
  438 0000002C                 ENDIF
  439 0000002C         
  440 0000002C                 END
              00000000 
              00000000 
              00000000 
              00000000 
              00000400 
              00000200 
              00000000 
Command Line: --debug --xref --diag_suppress=9931 --cpu=Cortex-M4.fp --apcs=int
erwork --depend=.\objects\startup_stm32f40xx.d -o.\objects\startup_stm32f40xx.o
 -IC:\Users\dell\Desktop\刘震宇，张博扬，胡政东\刘震宇，张博扬，胡政东\USER\pro
ject_file\RTE -IE:\keil5\ARM\PACK\Keil\STM32F4xx_DFP\2.11.0 -IE:\keil5\ARM\CMSI
S\Include -IE:\keil5\ARM\PACK\Keil\STM32F4xx_DFP\2.11.0\Drivers\CMSIS\Device\ST
\STM32F4xx\Include --predefine="__UVISION_VERSION SETA 514" --predefine="STM32F
407xx SETA 1" --list=.\listings\startup_stm32f40xx.lst ..\..\CORE\startup_stm32
f40xx.s



ARM Macro Assembler    Page 1 Alphabetic symbol ordering
Relocatable symbols

STACK 00000000

Symbol: STACK
   Definitions
      At line 44 in file ..\..\CORE\startup_stm32f40xx.s
   Uses
      None
Comment: STACK unused
Stack_Mem 00000000

Symbol: Stack_Mem
   Definitions
      At line 45 in file ..\..\CORE\startup_stm32f40xx.s
   Uses
      At line 431 in file ..\..\CORE\startup_stm32f40xx.s
      At line 433 in file ..\..\CORE\startup_stm32f40xx.s

__initial_sp 00000400

Symbol: __initial_sp
   Definitions
      At line 46 in file ..\..\CORE\startup_stm32f40xx.s
   Uses
      At line 70 in file ..\..\CORE\startup_stm32f40xx.s
Comment: __initial_sp used once
3 symbols



ARM Macro Assembler    Page 1 Alphabetic symbol ordering
Relocatable symbols

HEAP 00000000

Symbol: HEAP
   Definitions
      At line 55 in file ..\..\CORE\startup_stm32f40xx.s
   Uses
      None
Comment: HEAP unused
Heap_Mem 00000000

Symbol: Heap_Mem
   Definitions
      At line 57 in file ..\..\CORE\startup_stm32f40xx.s
   Uses
      At line 430 in file ..\..\CORE\startup_stm32f40xx.s
      At line 432 in file ..\..\CORE\startup_stm32f40xx.s

__heap_base 00000000

Symbol: __heap_base
   Definitions
      At line 56 in file ..\..\CORE\startup_stm32f40xx.s
   Uses
      None
Comment: __heap_base unused
__heap_limit 00000200

Symbol: __heap_limit
   Definitions
      At line 58 in file ..\..\CORE\startup_stm32f40xx.s
   Uses
      None
Comment: __heap_limit unused
4 symbols



ARM Macro Assembler    Page 1 Alphabetic symbol ordering
Relocatable symbols

RESET 00000000

Symbol: RESET
   Definitions
      At line 65 in file ..\..\CORE\startup_stm32f40xx.s
   Uses
      None
Comment: RESET unused
__Vectors 00000000

Symbol: __Vectors
   Definitions
      At line 70 in file ..\..\CORE\startup_stm32f40xx.s
   Uses
      At line 66 in file ..\..\CORE\startup_stm32f40xx.s
      At line 173 in file ..\..\CORE\startup_stm32f40xx.s

__Vectors_End 00000188

Symbol: __Vectors_End
   Definitions
      At line 171 in file ..\..\CORE\startup_stm32f40xx.s
   Uses
      At line 67 in file ..\..\CORE\startup_stm32f40xx.s
      At line 173 in file ..\..\CORE\startup_stm32f40xx.s

3 symbols



ARM Macro Assembler    Page 1 Alphabetic symbol ordering
Relocatable symbols

.text 00000000

Symbol: .text
   Definitions
      At line 175 in file ..\..\CORE\startup_stm32f40xx.s
   Uses
      None
Comment: .text unused
ADC_IRQHandler 0000001E

Symbol: ADC_IRQHandler
   Definitions
      At line 343 in file ..\..\CORE\startup_stm32f40xx.s
   Uses
      At line 106 in file ..\..\CORE\startup_stm32f40xx.s
      At line 260 in file ..\..\CORE\startup_stm32f40xx.s

BusFault_Handler 00000012

Symbol: BusFault_Handler
   Definitions
      At line 213 in file ..\..\CORE\startup_stm32f40xx.s
   Uses
      At line 75 in file ..\..\CORE\startup_stm32f40xx.s
      At line 214 in file ..\..\CORE\startup_stm32f40xx.s

CAN1_RX0_IRQHandler 0000001E

Symbol: CAN1_RX0_IRQHandler
   Definitions
      At line 345 in file ..\..\CORE\startup_stm32f40xx.s
   Uses
      At line 108 in file ..\..\CORE\startup_stm32f40xx.s
      At line 262 in file ..\..\CORE\startup_stm32f40xx.s

CAN1_RX1_IRQHandler 0000001E

Symbol: CAN1_RX1_IRQHandler
   Definitions
      At line 346 in file ..\..\CORE\startup_stm32f40xx.s
   Uses
      At line 109 in file ..\..\CORE\startup_stm32f40xx.s
      At line 263 in file ..\..\CORE\startup_stm32f40xx.s

CAN1_SCE_IRQHandler 0000001E

Symbol: CAN1_SCE_IRQHandler
   Definitions
      At line 347 in file ..\..\CORE\startup_stm32f40xx.s
   Uses
      At line 110 in file ..\..\CORE\startup_stm32f40xx.s
      At line 264 in file ..\..\CORE\startup_stm32f40xx.s

CAN1_TX_IRQHandler 0000001E

Symbol: CAN1_TX_IRQHandler
   Definitions
      At line 344 in file ..\..\CORE\startup_stm32f40xx.s
   Uses



ARM Macro Assembler    Page 2 Alphabetic symbol ordering
Relocatable symbols

      At line 107 in file ..\..\CORE\startup_stm32f40xx.s
      At line 261 in file ..\..\CORE\startup_stm32f40xx.s

CAN2_RX0_IRQHandler 0000001E

Symbol: CAN2_RX0_IRQHandler
   Definitions
      At line 389 in file ..\..\CORE\startup_stm32f40xx.s
   Uses
      At line 152 in file ..\..\CORE\startup_stm32f40xx.s
      At line 306 in file ..\..\CORE\startup_stm32f40xx.s

CAN2_RX1_IRQHandler 0000001E

Symbol: CAN2_RX1_IRQHandler
   Definitions
      At line 390 in file ..\..\CORE\startup_stm32f40xx.s
   Uses
      At line 153 in file ..\..\CORE\startup_stm32f40xx.s
      At line 307 in file ..\..\CORE\startup_stm32f40xx.s

CAN2_SCE_IRQHandler 0000001E

Symbol: CAN2_SCE_IRQHandler
   Definitions
      At line 391 in file ..\..\CORE\startup_stm32f40xx.s
   Uses
      At line 154 in file ..\..\CORE\startup_stm32f40xx.s
      At line 308 in file ..\..\CORE\startup_stm32f40xx.s

CAN2_TX_IRQHandler 0000001E

Symbol: CAN2_TX_IRQHandler
   Definitions
      At line 388 in file ..\..\CORE\startup_stm32f40xx.s
   Uses
      At line 151 in file ..\..\CORE\startup_stm32f40xx.s
      At line 305 in file ..\..\CORE\startup_stm32f40xx.s

CRYP_IRQHandler 0000001E

Symbol: CRYP_IRQHandler
   Definitions
      At line 404 in file ..\..\CORE\startup_stm32f40xx.s
   Uses
      At line 167 in file ..\..\CORE\startup_stm32f40xx.s
      At line 321 in file ..\..\CORE\startup_stm32f40xx.s

DCMI_IRQHandler 0000001E

Symbol: DCMI_IRQHandler
   Definitions
      At line 403 in file ..\..\CORE\startup_stm32f40xx.s
   Uses
      At line 166 in file ..\..\CORE\startup_stm32f40xx.s
      At line 320 in file ..\..\CORE\startup_stm32f40xx.s

DMA1_Stream0_IRQHandler 0000001E




ARM Macro Assembler    Page 3 Alphabetic symbol ordering
Relocatable symbols

Symbol: DMA1_Stream0_IRQHandler
   Definitions
      At line 336 in file ..\..\CORE\startup_stm32f40xx.s
   Uses
      At line 99 in file ..\..\CORE\startup_stm32f40xx.s
      At line 253 in file ..\..\CORE\startup_stm32f40xx.s

DMA1_Stream1_IRQHandler 0000001E

Symbol: DMA1_Stream1_IRQHandler
   Definitions
      At line 337 in file ..\..\CORE\startup_stm32f40xx.s
   Uses
      At line 100 in file ..\..\CORE\startup_stm32f40xx.s
      At line 254 in file ..\..\CORE\startup_stm32f40xx.s

DMA1_Stream2_IRQHandler 0000001E

Symbol: DMA1_Stream2_IRQHandler
   Definitions
      At line 338 in file ..\..\CORE\startup_stm32f40xx.s
   Uses
      At line 101 in file ..\..\CORE\startup_stm32f40xx.s
      At line 255 in file ..\..\CORE\startup_stm32f40xx.s

DMA1_Stream3_IRQHandler 0000001E

Symbol: DMA1_Stream3_IRQHandler
   Definitions
      At line 339 in file ..\..\CORE\startup_stm32f40xx.s
   Uses
      At line 102 in file ..\..\CORE\startup_stm32f40xx.s
      At line 256 in file ..\..\CORE\startup_stm32f40xx.s

DMA1_Stream4_IRQHandler 0000001E

Symbol: DMA1_Stream4_IRQHandler
   Definitions
      At line 340 in file ..\..\CORE\startup_stm32f40xx.s
   Uses
      At line 103 in file ..\..\CORE\startup_stm32f40xx.s
      At line 257 in file ..\..\CORE\startup_stm32f40xx.s

DMA1_Stream5_IRQHandler 0000001E

Symbol: DMA1_Stream5_IRQHandler
   Definitions
      At line 341 in file ..\..\CORE\startup_stm32f40xx.s
   Uses
      At line 104 in file ..\..\CORE\startup_stm32f40xx.s
      At line 258 in file ..\..\CORE\startup_stm32f40xx.s

DMA1_Stream6_IRQHandler 0000001E

Symbol: DMA1_Stream6_IRQHandler
   Definitions
      At line 342 in file ..\..\CORE\startup_stm32f40xx.s
   Uses
      At line 105 in file ..\..\CORE\startup_stm32f40xx.s



ARM Macro Assembler    Page 4 Alphabetic symbol ordering
Relocatable symbols

      At line 259 in file ..\..\CORE\startup_stm32f40xx.s

DMA1_Stream7_IRQHandler 0000001E

Symbol: DMA1_Stream7_IRQHandler
   Definitions
      At line 372 in file ..\..\CORE\startup_stm32f40xx.s
   Uses
      At line 135 in file ..\..\CORE\startup_stm32f40xx.s
      At line 289 in file ..\..\CORE\startup_stm32f40xx.s

DMA2_Stream0_IRQHandler 0000001E

Symbol: DMA2_Stream0_IRQHandler
   Definitions
      At line 381 in file ..\..\CORE\startup_stm32f40xx.s
   Uses
      At line 144 in file ..\..\CORE\startup_stm32f40xx.s
      At line 298 in file ..\..\CORE\startup_stm32f40xx.s

DMA2_Stream1_IRQHandler 0000001E

Symbol: DMA2_Stream1_IRQHandler
   Definitions
      At line 382 in file ..\..\CORE\startup_stm32f40xx.s
   Uses
      At line 145 in file ..\..\CORE\startup_stm32f40xx.s
      At line 299 in file ..\..\CORE\startup_stm32f40xx.s

DMA2_Stream2_IRQHandler 0000001E

Symbol: DMA2_Stream2_IRQHandler
   Definitions
      At line 383 in file ..\..\CORE\startup_stm32f40xx.s
   Uses
      At line 146 in file ..\..\CORE\startup_stm32f40xx.s
      At line 300 in file ..\..\CORE\startup_stm32f40xx.s

DMA2_Stream3_IRQHandler 0000001E

Symbol: DMA2_Stream3_IRQHandler
   Definitions
      At line 384 in file ..\..\CORE\startup_stm32f40xx.s
   Uses
      At line 147 in file ..\..\CORE\startup_stm32f40xx.s
      At line 301 in file ..\..\CORE\startup_stm32f40xx.s

DMA2_Stream4_IRQHandler 0000001E

Symbol: DMA2_Stream4_IRQHandler
   Definitions
      At line 385 in file ..\..\CORE\startup_stm32f40xx.s
   Uses
      At line 148 in file ..\..\CORE\startup_stm32f40xx.s
      At line 302 in file ..\..\CORE\startup_stm32f40xx.s

DMA2_Stream5_IRQHandler 0000001E

Symbol: DMA2_Stream5_IRQHandler



ARM Macro Assembler    Page 5 Alphabetic symbol ordering
Relocatable symbols

   Definitions
      At line 393 in file ..\..\CORE\startup_stm32f40xx.s
   Uses
      At line 156 in file ..\..\CORE\startup_stm32f40xx.s
      At line 310 in file ..\..\CORE\startup_stm32f40xx.s

DMA2_Stream6_IRQHandler 0000001E

Symbol: DMA2_Stream6_IRQHandler
   Definitions
      At line 394 in file ..\..\CORE\startup_stm32f40xx.s
   Uses
      At line 157 in file ..\..\CORE\startup_stm32f40xx.s
      At line 311 in file ..\..\CORE\startup_stm32f40xx.s

DMA2_Stream7_IRQHandler 0000001E

Symbol: DMA2_Stream7_IRQHandler
   Definitions
      At line 395 in file ..\..\CORE\startup_stm32f40xx.s
   Uses
      At line 158 in file ..\..\CORE\startup_stm32f40xx.s
      At line 312 in file ..\..\CORE\startup_stm32f40xx.s

DebugMon_Handler 00000018

Symbol: DebugMon_Handler
   Definitions
      At line 227 in file ..\..\CORE\startup_stm32f40xx.s
   Uses
      At line 82 in file ..\..\CORE\startup_stm32f40xx.s
      At line 228 in file ..\..\CORE\startup_stm32f40xx.s

Default_Handler 0000001E

Symbol: Default_Handler
   Definitions
      At line 240 in file ..\..\CORE\startup_stm32f40xx.s
   Uses
      None
Comment: Default_Handler unused
ETH_IRQHandler 0000001E

Symbol: ETH_IRQHandler
   Definitions
      At line 386 in file ..\..\CORE\startup_stm32f40xx.s
   Uses
      At line 149 in file ..\..\CORE\startup_stm32f40xx.s
      At line 303 in file ..\..\CORE\startup_stm32f40xx.s

ETH_WKUP_IRQHandler 0000001E

Symbol: ETH_WKUP_IRQHandler
   Definitions
      At line 387 in file ..\..\CORE\startup_stm32f40xx.s
   Uses
      At line 150 in file ..\..\CORE\startup_stm32f40xx.s
      At line 304 in file ..\..\CORE\startup_stm32f40xx.s




ARM Macro Assembler    Page 6 Alphabetic symbol ordering
Relocatable symbols

EXTI0_IRQHandler 0000001E

Symbol: EXTI0_IRQHandler
   Definitions
      At line 331 in file ..\..\CORE\startup_stm32f40xx.s
   Uses
      At line 94 in file ..\..\CORE\startup_stm32f40xx.s
      At line 248 in file ..\..\CORE\startup_stm32f40xx.s

EXTI15_10_IRQHandler 0000001E

Symbol: EXTI15_10_IRQHandler
   Definitions
      At line 365 in file ..\..\CORE\startup_stm32f40xx.s
   Uses
      At line 128 in file ..\..\CORE\startup_stm32f40xx.s
      At line 282 in file ..\..\CORE\startup_stm32f40xx.s

EXTI1_IRQHandler 0000001E

Symbol: EXTI1_IRQHandler
   Definitions
      At line 332 in file ..\..\CORE\startup_stm32f40xx.s
   Uses
      At line 95 in file ..\..\CORE\startup_stm32f40xx.s
      At line 249 in file ..\..\CORE\startup_stm32f40xx.s

EXTI2_IRQHandler 0000001E

Symbol: EXTI2_IRQHandler
   Definitions
      At line 333 in file ..\..\CORE\startup_stm32f40xx.s
   Uses
      At line 96 in file ..\..\CORE\startup_stm32f40xx.s
      At line 250 in file ..\..\CORE\startup_stm32f40xx.s

EXTI3_IRQHandler 0000001E

Symbol: EXTI3_IRQHandler
   Definitions
      At line 334 in file ..\..\CORE\startup_stm32f40xx.s
   Uses
      At line 97 in file ..\..\CORE\startup_stm32f40xx.s
      At line 251 in file ..\..\CORE\startup_stm32f40xx.s

EXTI4_IRQHandler 0000001E

Symbol: EXTI4_IRQHandler
   Definitions
      At line 335 in file ..\..\CORE\startup_stm32f40xx.s
   Uses
      At line 98 in file ..\..\CORE\startup_stm32f40xx.s
      At line 252 in file ..\..\CORE\startup_stm32f40xx.s

EXTI9_5_IRQHandler 0000001E

Symbol: EXTI9_5_IRQHandler
   Definitions
      At line 348 in file ..\..\CORE\startup_stm32f40xx.s



ARM Macro Assembler    Page 7 Alphabetic symbol ordering
Relocatable symbols

   Uses
      At line 111 in file ..\..\CORE\startup_stm32f40xx.s
      At line 265 in file ..\..\CORE\startup_stm32f40xx.s

FLASH_IRQHandler 0000001E

Symbol: FLASH_IRQHandler
   Definitions
      At line 329 in file ..\..\CORE\startup_stm32f40xx.s
   Uses
      At line 92 in file ..\..\CORE\startup_stm32f40xx.s
      At line 246 in file ..\..\CORE\startup_stm32f40xx.s

FPU_IRQHandler 0000001E

Symbol: FPU_IRQHandler
   Definitions
      At line 406 in file ..\..\CORE\startup_stm32f40xx.s
   Uses
      At line 169 in file ..\..\CORE\startup_stm32f40xx.s
      At line 323 in file ..\..\CORE\startup_stm32f40xx.s

FSMC_IRQHandler 0000001E

Symbol: FSMC_IRQHandler
   Definitions
      At line 373 in file ..\..\CORE\startup_stm32f40xx.s
   Uses
      At line 136 in file ..\..\CORE\startup_stm32f40xx.s
      At line 290 in file ..\..\CORE\startup_stm32f40xx.s

HASH_RNG_IRQHandler 0000001E

Symbol: HASH_RNG_IRQHandler
   Definitions
      At line 405 in file ..\..\CORE\startup_stm32f40xx.s
   Uses
      At line 168 in file ..\..\CORE\startup_stm32f40xx.s
      At line 322 in file ..\..\CORE\startup_stm32f40xx.s

HardFault_Handler 0000000E

Symbol: HardFault_Handler
   Definitions
      At line 203 in file ..\..\CORE\startup_stm32f40xx.s
   Uses
      At line 73 in file ..\..\CORE\startup_stm32f40xx.s
      At line 204 in file ..\..\CORE\startup_stm32f40xx.s

I2C1_ER_IRQHandler 0000001E

Symbol: I2C1_ER_IRQHandler
   Definitions
      At line 357 in file ..\..\CORE\startup_stm32f40xx.s
   Uses
      At line 120 in file ..\..\CORE\startup_stm32f40xx.s
      At line 274 in file ..\..\CORE\startup_stm32f40xx.s

I2C1_EV_IRQHandler 0000001E



ARM Macro Assembler    Page 8 Alphabetic symbol ordering
Relocatable symbols


Symbol: I2C1_EV_IRQHandler
   Definitions
      At line 356 in file ..\..\CORE\startup_stm32f40xx.s
   Uses
      At line 119 in file ..\..\CORE\startup_stm32f40xx.s
      At line 273 in file ..\..\CORE\startup_stm32f40xx.s

I2C2_ER_IRQHandler 0000001E

Symbol: I2C2_ER_IRQHandler
   Definitions
      At line 359 in file ..\..\CORE\startup_stm32f40xx.s
   Uses
      At line 122 in file ..\..\CORE\startup_stm32f40xx.s
      At line 276 in file ..\..\CORE\startup_stm32f40xx.s

I2C2_EV_IRQHandler 0000001E

Symbol: I2C2_EV_IRQHandler
   Definitions
      At line 358 in file ..\..\CORE\startup_stm32f40xx.s
   Uses
      At line 121 in file ..\..\CORE\startup_stm32f40xx.s
      At line 275 in file ..\..\CORE\startup_stm32f40xx.s

I2C3_ER_IRQHandler 0000001E

Symbol: I2C3_ER_IRQHandler
   Definitions
      At line 398 in file ..\..\CORE\startup_stm32f40xx.s
   Uses
      At line 161 in file ..\..\CORE\startup_stm32f40xx.s
      At line 315 in file ..\..\CORE\startup_stm32f40xx.s

I2C3_EV_IRQHandler 0000001E

Symbol: I2C3_EV_IRQHandler
   Definitions
      At line 397 in file ..\..\CORE\startup_stm32f40xx.s
   Uses
      At line 160 in file ..\..\CORE\startup_stm32f40xx.s
      At line 314 in file ..\..\CORE\startup_stm32f40xx.s

MemManage_Handler 00000010

Symbol: MemManage_Handler
   Definitions
      At line 208 in file ..\..\CORE\startup_stm32f40xx.s
   Uses
      At line 74 in file ..\..\CORE\startup_stm32f40xx.s
      At line 209 in file ..\..\CORE\startup_stm32f40xx.s

NMI_Handler 0000000C

Symbol: NMI_Handler
   Definitions
      At line 198 in file ..\..\CORE\startup_stm32f40xx.s
   Uses



ARM Macro Assembler    Page 9 Alphabetic symbol ordering
Relocatable symbols

      At line 72 in file ..\..\CORE\startup_stm32f40xx.s
      At line 199 in file ..\..\CORE\startup_stm32f40xx.s

OTG_FS_IRQHandler 0000001E

Symbol: OTG_FS_IRQHandler
   Definitions
      At line 392 in file ..\..\CORE\startup_stm32f40xx.s
   Uses
      At line 155 in file ..\..\CORE\startup_stm32f40xx.s
      At line 309 in file ..\..\CORE\startup_stm32f40xx.s

OTG_FS_WKUP_IRQHandler 0000001E

Symbol: OTG_FS_WKUP_IRQHandler
   Definitions
      At line 367 in file ..\..\CORE\startup_stm32f40xx.s
   Uses
      At line 130 in file ..\..\CORE\startup_stm32f40xx.s
      At line 284 in file ..\..\CORE\startup_stm32f40xx.s

OTG_HS_EP1_IN_IRQHandler 0000001E

Symbol: OTG_HS_EP1_IN_IRQHandler
   Definitions
      At line 400 in file ..\..\CORE\startup_stm32f40xx.s
   Uses
      At line 163 in file ..\..\CORE\startup_stm32f40xx.s
      At line 317 in file ..\..\CORE\startup_stm32f40xx.s

OTG_HS_EP1_OUT_IRQHandler 0000001E

Symbol: OTG_HS_EP1_OUT_IRQHandler
   Definitions
      At line 399 in file ..\..\CORE\startup_stm32f40xx.s
   Uses
      At line 162 in file ..\..\CORE\startup_stm32f40xx.s
      At line 316 in file ..\..\CORE\startup_stm32f40xx.s

OTG_HS_IRQHandler 0000001E

Symbol: OTG_HS_IRQHandler
   Definitions
      At line 402 in file ..\..\CORE\startup_stm32f40xx.s
   Uses
      At line 165 in file ..\..\CORE\startup_stm32f40xx.s
      At line 319 in file ..\..\CORE\startup_stm32f40xx.s

OTG_HS_WKUP_IRQHandler 0000001E

Symbol: OTG_HS_WKUP_IRQHandler
   Definitions
      At line 401 in file ..\..\CORE\startup_stm32f40xx.s
   Uses
      At line 164 in file ..\..\CORE\startup_stm32f40xx.s
      At line 318 in file ..\..\CORE\startup_stm32f40xx.s

PVD_IRQHandler 0000001E




ARM Macro Assembler    Page 10 Alphabetic symbol ordering
Relocatable symbols

Symbol: PVD_IRQHandler
   Definitions
      At line 326 in file ..\..\CORE\startup_stm32f40xx.s
   Uses
      At line 89 in file ..\..\CORE\startup_stm32f40xx.s
      At line 243 in file ..\..\CORE\startup_stm32f40xx.s

PendSV_Handler 0000001A

Symbol: PendSV_Handler
   Definitions
      At line 231 in file ..\..\CORE\startup_stm32f40xx.s
   Uses
      At line 84 in file ..\..\CORE\startup_stm32f40xx.s
      At line 232 in file ..\..\CORE\startup_stm32f40xx.s

RCC_IRQHandler 0000001E

Symbol: RCC_IRQHandler
   Definitions
      At line 330 in file ..\..\CORE\startup_stm32f40xx.s
   Uses
      At line 93 in file ..\..\CORE\startup_stm32f40xx.s
      At line 247 in file ..\..\CORE\startup_stm32f40xx.s

RTC_Alarm_IRQHandler 0000001E

Symbol: RTC_Alarm_IRQHandler
   Definitions
      At line 366 in file ..\..\CORE\startup_stm32f40xx.s
   Uses
      At line 129 in file ..\..\CORE\startup_stm32f40xx.s
      At line 283 in file ..\..\CORE\startup_stm32f40xx.s

RTC_WKUP_IRQHandler 0000001E

Symbol: RTC_WKUP_IRQHandler
   Definitions
      At line 328 in file ..\..\CORE\startup_stm32f40xx.s
   Uses
      At line 91 in file ..\..\CORE\startup_stm32f40xx.s
      At line 245 in file ..\..\CORE\startup_stm32f40xx.s

Reset_Handler 00000000

Symbol: Reset_Handler
   Definitions
      At line 178 in file ..\..\CORE\startup_stm32f40xx.s
   Uses
      At line 71 in file ..\..\CORE\startup_stm32f40xx.s
      At line 179 in file ..\..\CORE\startup_stm32f40xx.s

SDIO_IRQHandler 0000001E

Symbol: SDIO_IRQHandler
   Definitions
      At line 374 in file ..\..\CORE\startup_stm32f40xx.s
   Uses
      At line 137 in file ..\..\CORE\startup_stm32f40xx.s



ARM Macro Assembler    Page 11 Alphabetic symbol ordering
Relocatable symbols

      At line 291 in file ..\..\CORE\startup_stm32f40xx.s

SPI1_IRQHandler 0000001E

Symbol: SPI1_IRQHandler
   Definitions
      At line 360 in file ..\..\CORE\startup_stm32f40xx.s
   Uses
      At line 123 in file ..\..\CORE\startup_stm32f40xx.s
      At line 277 in file ..\..\CORE\startup_stm32f40xx.s

SPI2_IRQHandler 0000001E

Symbol: SPI2_IRQHandler
   Definitions
      At line 361 in file ..\..\CORE\startup_stm32f40xx.s
   Uses
      At line 124 in file ..\..\CORE\startup_stm32f40xx.s
      At line 278 in file ..\..\CORE\startup_stm32f40xx.s

SPI3_IRQHandler 0000001E

Symbol: SPI3_IRQHandler
   Definitions
      At line 376 in file ..\..\CORE\startup_stm32f40xx.s
   Uses
      At line 139 in file ..\..\CORE\startup_stm32f40xx.s
      At line 293 in file ..\..\CORE\startup_stm32f40xx.s

SVC_Handler 00000016

Symbol: SVC_Handler
   Definitions
      At line 222 in file ..\..\CORE\startup_stm32f40xx.s
   Uses
      At line 81 in file ..\..\CORE\startup_stm32f40xx.s
      At line 223 in file ..\..\CORE\startup_stm32f40xx.s

SysTick_Handler 0000001C

Symbol: SysTick_Handler
   Definitions
      At line 235 in file ..\..\CORE\startup_stm32f40xx.s
   Uses
      At line 85 in file ..\..\CORE\startup_stm32f40xx.s
      At line 236 in file ..\..\CORE\startup_stm32f40xx.s

TAMP_STAMP_IRQHandler 0000001E

Symbol: TAMP_STAMP_IRQHandler
   Definitions
      At line 327 in file ..\..\CORE\startup_stm32f40xx.s
   Uses
      At line 90 in file ..\..\CORE\startup_stm32f40xx.s
      At line 244 in file ..\..\CORE\startup_stm32f40xx.s

TIM1_BRK_TIM9_IRQHandler 0000001E

Symbol: TIM1_BRK_TIM9_IRQHandler



ARM Macro Assembler    Page 12 Alphabetic symbol ordering
Relocatable symbols

   Definitions
      At line 349 in file ..\..\CORE\startup_stm32f40xx.s
   Uses
      At line 112 in file ..\..\CORE\startup_stm32f40xx.s
      At line 266 in file ..\..\CORE\startup_stm32f40xx.s

TIM1_CC_IRQHandler 0000001E

Symbol: TIM1_CC_IRQHandler
   Definitions
      At line 352 in file ..\..\CORE\startup_stm32f40xx.s
   Uses
      At line 115 in file ..\..\CORE\startup_stm32f40xx.s
      At line 269 in file ..\..\CORE\startup_stm32f40xx.s

TIM1_TRG_COM_TIM11_IRQHandler 0000001E

Symbol: TIM1_TRG_COM_TIM11_IRQHandler
   Definitions
      At line 351 in file ..\..\CORE\startup_stm32f40xx.s
   Uses
      At line 114 in file ..\..\CORE\startup_stm32f40xx.s
      At line 268 in file ..\..\CORE\startup_stm32f40xx.s

TIM1_UP_TIM10_IRQHandler 0000001E

Symbol: TIM1_UP_TIM10_IRQHandler
   Definitions
      At line 350 in file ..\..\CORE\startup_stm32f40xx.s
   Uses
      At line 113 in file ..\..\CORE\startup_stm32f40xx.s
      At line 267 in file ..\..\CORE\startup_stm32f40xx.s

TIM2_IRQHandler 0000001E

Symbol: TIM2_IRQHandler
   Definitions
      At line 353 in file ..\..\CORE\startup_stm32f40xx.s
   Uses
      At line 116 in file ..\..\CORE\startup_stm32f40xx.s
      At line 270 in file ..\..\CORE\startup_stm32f40xx.s

TIM3_IRQHandler 0000001E

Symbol: TIM3_IRQHandler
   Definitions
      At line 354 in file ..\..\CORE\startup_stm32f40xx.s
   Uses
      At line 117 in file ..\..\CORE\startup_stm32f40xx.s
      At line 271 in file ..\..\CORE\startup_stm32f40xx.s

TIM4_IRQHandler 0000001E

Symbol: TIM4_IRQHandler
   Definitions
      At line 355 in file ..\..\CORE\startup_stm32f40xx.s
   Uses
      At line 118 in file ..\..\CORE\startup_stm32f40xx.s
      At line 272 in file ..\..\CORE\startup_stm32f40xx.s



ARM Macro Assembler    Page 13 Alphabetic symbol ordering
Relocatable symbols


TIM5_IRQHandler 0000001E

Symbol: TIM5_IRQHandler
   Definitions
      At line 375 in file ..\..\CORE\startup_stm32f40xx.s
   Uses
      At line 138 in file ..\..\CORE\startup_stm32f40xx.s
      At line 292 in file ..\..\CORE\startup_stm32f40xx.s

TIM6_DAC_IRQHandler 0000001E

Symbol: TIM6_DAC_IRQHandler
   Definitions
      At line 379 in file ..\..\CORE\startup_stm32f40xx.s
   Uses
      At line 142 in file ..\..\CORE\startup_stm32f40xx.s
      At line 296 in file ..\..\CORE\startup_stm32f40xx.s

TIM7_IRQHandler 0000001E

Symbol: TIM7_IRQHandler
   Definitions
      At line 380 in file ..\..\CORE\startup_stm32f40xx.s
   Uses
      At line 143 in file ..\..\CORE\startup_stm32f40xx.s
      At line 297 in file ..\..\CORE\startup_stm32f40xx.s

TIM8_BRK_TIM12_IRQHandler 0000001E

Symbol: TIM8_BRK_TIM12_IRQHandler
   Definitions
      At line 368 in file ..\..\CORE\startup_stm32f40xx.s
   Uses
      At line 131 in file ..\..\CORE\startup_stm32f40xx.s
      At line 285 in file ..\..\CORE\startup_stm32f40xx.s

TIM8_CC_IRQHandler 0000001E

Symbol: TIM8_CC_IRQHandler
   Definitions
      At line 371 in file ..\..\CORE\startup_stm32f40xx.s
   Uses
      At line 134 in file ..\..\CORE\startup_stm32f40xx.s
      At line 288 in file ..\..\CORE\startup_stm32f40xx.s

TIM8_TRG_COM_TIM14_IRQHandler 0000001E

Symbol: TIM8_TRG_COM_TIM14_IRQHandler
   Definitions
      At line 370 in file ..\..\CORE\startup_stm32f40xx.s
   Uses
      At line 133 in file ..\..\CORE\startup_stm32f40xx.s
      At line 287 in file ..\..\CORE\startup_stm32f40xx.s

TIM8_UP_TIM13_IRQHandler 0000001E

Symbol: TIM8_UP_TIM13_IRQHandler
   Definitions



ARM Macro Assembler    Page 14 Alphabetic symbol ordering
Relocatable symbols

      At line 369 in file ..\..\CORE\startup_stm32f40xx.s
   Uses
      At line 132 in file ..\..\CORE\startup_stm32f40xx.s
      At line 286 in file ..\..\CORE\startup_stm32f40xx.s

UART4_IRQHandler 0000001E

Symbol: UART4_IRQHandler
   Definitions
      At line 377 in file ..\..\CORE\startup_stm32f40xx.s
   Uses
      At line 140 in file ..\..\CORE\startup_stm32f40xx.s
      At line 294 in file ..\..\CORE\startup_stm32f40xx.s

UART5_IRQHandler 0000001E

Symbol: UART5_IRQHandler
   Definitions
      At line 378 in file ..\..\CORE\startup_stm32f40xx.s
   Uses
      At line 141 in file ..\..\CORE\startup_stm32f40xx.s
      At line 295 in file ..\..\CORE\startup_stm32f40xx.s

USART1_IRQHandler 0000001E

Symbol: USART1_IRQHandler
   Definitions
      At line 362 in file ..\..\CORE\startup_stm32f40xx.s
   Uses
      At line 125 in file ..\..\CORE\startup_stm32f40xx.s
      At line 279 in file ..\..\CORE\startup_stm32f40xx.s

USART2_IRQHandler 0000001E

Symbol: USART2_IRQHandler
   Definitions
      At line 363 in file ..\..\CORE\startup_stm32f40xx.s
   Uses
      At line 126 in file ..\..\CORE\startup_stm32f40xx.s
      At line 280 in file ..\..\CORE\startup_stm32f40xx.s

USART3_IRQHandler 0000001E

Symbol: USART3_IRQHandler
   Definitions
      At line 364 in file ..\..\CORE\startup_stm32f40xx.s
   Uses
      At line 127 in file ..\..\CORE\startup_stm32f40xx.s
      At line 281 in file ..\..\CORE\startup_stm32f40xx.s

USART6_IRQHandler 0000001E

Symbol: USART6_IRQHandler
   Definitions
      At line 396 in file ..\..\CORE\startup_stm32f40xx.s
   Uses
      At line 159 in file ..\..\CORE\startup_stm32f40xx.s
      At line 313 in file ..\..\CORE\startup_stm32f40xx.s




ARM Macro Assembler    Page 15 Alphabetic symbol ordering
Relocatable symbols

UsageFault_Handler 00000014

Symbol: UsageFault_Handler
   Definitions
      At line 218 in file ..\..\CORE\startup_stm32f40xx.s
   Uses
      At line 76 in file ..\..\CORE\startup_stm32f40xx.s
      At line 219 in file ..\..\CORE\startup_stm32f40xx.s

WWDG_IRQHandler 0000001E

Symbol: WWDG_IRQHandler
   Definitions
      At line 325 in file ..\..\CORE\startup_stm32f40xx.s
   Uses
      At line 88 in file ..\..\CORE\startup_stm32f40xx.s
      At line 242 in file ..\..\CORE\startup_stm32f40xx.s

__user_initial_stackheap 00000020

Symbol: __user_initial_stackheap
   Definitions
      At line 428 in file ..\..\CORE\startup_stm32f40xx.s
   Uses
      At line 426 in file ..\..\CORE\startup_stm32f40xx.s
Comment: __user_initial_stackheap used once
95 symbols



ARM Macro Assembler    Page 1 Alphabetic symbol ordering
Absolute symbols

Heap_Size 00000200

Symbol: Heap_Size
   Definitions
      At line 53 in file ..\..\CORE\startup_stm32f40xx.s
   Uses
      At line 57 in file ..\..\CORE\startup_stm32f40xx.s
      At line 432 in file ..\..\CORE\startup_stm32f40xx.s

Stack_Size 00000400

Symbol: Stack_Size
   Definitions
      At line 42 in file ..\..\CORE\startup_stm32f40xx.s
   Uses
      At line 45 in file ..\..\CORE\startup_stm32f40xx.s
      At line 431 in file ..\..\CORE\startup_stm32f40xx.s

__Vectors_Size 00000188

Symbol: __Vectors_Size
   Definitions
      At line 173 in file ..\..\CORE\startup_stm32f40xx.s
   Uses
      At line 68 in file ..\..\CORE\startup_stm32f40xx.s
Comment: __Vectors_Size used once
3 symbols



ARM Macro Assembler    Page 1 Alphabetic symbol ordering
External symbols

Gec_Lib_Init 00000000

Symbol: Gec_Lib_Init
   Definitions
      At line 182 in file ..\..\CORE\startup_stm32f40xx.s
   Uses
      At line 188 in file ..\..\CORE\startup_stm32f40xx.s
Comment: Gec_Lib_Init used once
SystemInit 00000000

Symbol: SystemInit
   Definitions
      At line 180 in file ..\..\CORE\startup_stm32f40xx.s
   Uses
      At line 184 in file ..\..\CORE\startup_stm32f40xx.s
Comment: SystemInit used once
__main 00000000

Symbol: __main
   Definitions
      At line 181 in file ..\..\CORE\startup_stm32f40xx.s
   Uses
      At line 192 in file ..\..\CORE\startup_stm32f40xx.s
Comment: __main used once
__use_two_region_memory 00000000

Symbol: __use_two_region_memory
   Definitions
      At line 425 in file ..\..\CORE\startup_stm32f40xx.s
   Uses
      None
Comment: __use_two_region_memory unused
4 symbols
449 symbols in table
